<?xml version="1.0" encoding="UTF-8"?>
<!-- Generated by org.testng.reporters.JUnitReportReporter -->
<testsuite hostname="L005370" failures="0" tests="3" name="com.seleniumeasy.RunnerPackage.DriverScript" time="36.770" errors="0" timestamp="2020-03-15T10:08:54 IST" skipped="0">
  <testcase classname="com.seleniumeasy.RunnerPackage.DriverScript" name="submitFormTest" time="10.966"/>
  <testcase classname="com.seleniumeasy.RunnerPackage.DriverScript" name="submitFormTest" time="13.639"/>
  <testcase classname="com.seleniumeasy.RunnerPackage.DriverScript" name="submitFormTest" time="12.165"/>
</testsuite> <!-- com.seleniumeasy.RunnerPackage.DriverScript -->
